Time start: 2018-12-05 14:46:49
--------------- SETTING UP MODEL ---------------
Checking input parameters...
... All requisite parameters are defined.
Main aquifer contains aquitard between -10.0 and -13.0 mNAP! Resistance c = 60.00 days.
Top aquifer is thicker than length vertical filters. Subdivide aquifer into 5 1-meter layers to bottom of filter.
Thickness top aquifer beneath vertical filter is <= 10 m. Subdivide into 3 layers.
Second aquifer modelled as single layer.
Model has 10 layers.
Model solved. Time elapsed: 0.0 seconds
Drainage level is calculated using given drawdown relative to reference model. H_drn_max = 2.91
Time elapsed: 11.3 seconds
OK! Velocities: v, vmax, ratio: 7.33, 30.00, 0.24
Vrije afwatering WEL mogelijk! H_drainage 2.74 > H_polder 2.50
Vereiste stijghoogte 2.7m boven onderkant drain!
OK! Velocities: v, vmax, ratio: 5.54, 30.00, 0.18
Vrije afwatering WEL mogelijk! H_drainage 2.90 > H_polder 2.50
Vereiste stijghoogte 3.9m boven onderzijde grindkoffer!
Warning! Velocities: v, vmax, ratio: 669.30, 30.00, 22.31
Vrije afwatering NIET mogelijk! H_drainage 1.75 < H_polder 2.50
OK! Vereiste stijghoogte 7.7m boven onderkant filter!
rs.
Model solved. Time elapsed: 0.0 seconds
Drainage level is calculated using given drawdown relative to reference model. H_drn_max = 2.91
Time elapsed: 11.3 seconds
OK! Velocities: v, vmax, ratio: 7.33, 30.00, 0.24
Vrije afwatering WEL mogelijk! H_drainage 2.74 > H_polder 2.50
Vereiste stijghoogte 2.7m boven onderkant drain!
OK! Velocities: v, vmax, ratio: 5.54, 30.00, 0.18
Vrije afwatering WEL mogelijk! H_drainage 2.90 > H_polder 2.50
Vereiste stijghoogte 3.9m boven onderzijde grindkoffer!
Warning! Velocities: v, vmax, ratio: 669.30, 30.00, 22.31
Vrije afwatering NIET mogelijk! H_drainage 1.75 < H_polder 2.50
OK! Vereiste stijghoogte 7.7m boven onderkant filter!
rs.
Model solved. Time elapsed: 0.0 seconds
Drainage level is calculated using given drawdown relative to reference model. H_drn_max = 2.91
Time elapsed: 11.3 seconds
OK! Velocities: v, vmax, ratio: 7.33, 30.00, 0.24
Vrije afwatering WEL mogelijk! H_drainage 2.74 > H_polder 2.50
Vereiste stijghoogte 2.7m boven onderkant drain!
OK! Velocities: v, vmax, ratio: 5.54, 30.00, 0.18
Vrije afwatering WEL mogelijk! H_drainage 2.90 > H_polder 2.50
Vereiste stijghoogte 3.9m boven onderzijde grindkoffer!
Warning! Velocities: v, vmax, ratio: 669.30, 30.00, 22.31
Vrije afwatering NIET mogelijk! H_drainage 1.75 < H_polder 2.50
OK! Vereiste stijghoogte 7.7m boven onderkant filter!
.91
Time elapsed: 11.3 seconds
OK! Velocities: v, vmax, ratio: 7.33, 30.00, 0.24
Vrije afwatering WEL mogelijk! H_drainage 2.74 > H_polder 2.50
Vereiste stijghoogte 2.7m boven onderkant drain!
OK! Velocities: v, vmax, ratio: 5.54, 30.00, 0.18
Vrije afwatering WEL mogelijk! H_drainage 2.90 > H_polder 2.50
Vereiste stijghoogte 3.9m boven onderzijde grindkoffer!
Warning! Velocities: v, vmax, ratio: 669.30, 30.00, 22.31
Vrije afwatering NIET mogelijk! H_drainage 1.75 < H_polder 2.50
OK! Vereiste stijghoogte 7.7m boven onderkant filter!
